[debug] [2025-07-07T16:57:16.015Z] ----------------------------------------------------------------------
[debug] [2025-07-07T16:57:16.022Z] Command:       C:\Program Files\nodejs\node.exe C:\Users\karan\AppData\Roaming\npm\node_modules\firebase-tools\lib\bin\firebase.js init
[debug] [2025-07-07T16:57:16.023Z] CLI Version:   14.9.0
[debug] [2025-07-07T16:57:16.023Z] Platform:      win32
[debug] [2025-07-07T16:57:16.024Z] Node Version:  v22.17.0
[debug] [2025-07-07T16:57:16.024Z] Time:          Mon Jul 07 2025 22:27:16 GMT+0530 (India Standard Time)
[debug] [2025-07-07T16:57:16.024Z] ----------------------------------------------------------------------
[debug] 
[debug] [2025-07-07T16:57:16.034Z] > command requires scopes: ["email","openid","https://www.googleapis.com/auth/cloudplatformprojects.readonly","https://www.googleapis.com/auth/firebase","https://www.googleapis.com/auth/cloud-platform"]
[debug] [2025-07-07T16:57:16.034Z] > authorizing via signed-in user (karan0797s@gmail.com)
[info] 
     ######## #### ########  ######## ########     ###     ######  ########
     ##        ##  ##     ## ##       ##     ##  ##   ##  ##       ##
     ######    ##  ########  ######   ########  #########  ######  ######
     ##        ##  ##    ##  ##       ##     ## ##     ##       ## ##
     ##       #### ##     ## ######## ########  ##     ##  ######  ########

You're about to initialize a Firebase project in this directory:

  C:\Users\karan\Desktop\Programs\Spotify clone

[info] 
=== Project Setup
[info] 
[info] First, let's associate this project directory with a Firebase project.
[info] You can create multiple project aliases by running firebase use --add, 
[info] but for now we'll just set up a default project.
[info] 
[debug] [2025-07-07T16:57:25.764Z] Checked if tokens are valid: true, expires at: 1751911020036
[debug] [2025-07-07T16:57:25.764Z] Checked if tokens are valid: true, expires at: 1751911020036
[debug] [2025-07-07T16:57:25.765Z] >>> [apiv2][query] GET https://firebase.googleapis.com/v1beta1/projects pageSize=100
[debug] [2025-07-07T16:57:26.518Z] <<< [apiv2][status] GET https://firebase.googleapis.com/v1beta1/projects 200
[debug] [2025-07-07T16:57:26.518Z] <<< [apiv2][body] GET https://firebase.googleapis.com/v1beta1/projects [omitted]
[info] i  Using project spotify-clone-karan (spotify-clone-karan) 
[info] 
=== Hosting Setup
[debug] [2025-07-07T16:57:28.376Z] Checked if tokens are valid: true, expires at: 1751911020036
[debug] [2025-07-07T16:57:28.376Z] Checked if tokens are valid: true, expires at: 1751911020036
[debug] [2025-07-07T16:57:28.376Z] >>> [apiv2][query] GET https://firebase.googleapis.com/v1beta1/projects/spotify-clone-karan [none]
[debug] [2025-07-07T16:57:28.810Z] <<< [apiv2][status] GET https://firebase.googleapis.com/v1beta1/projects/spotify-clone-karan 200
[debug] [2025-07-07T16:57:28.810Z] <<< [apiv2][body] GET https://firebase.googleapis.com/v1beta1/projects/spotify-clone-karan {"projectId":"spotify-clone-karan","projectNumber":"698128906029","displayName":"spotify-clone-karan","name":"projects/spotify-clone-karan","resources":{"hostingSite":"spotify-clone-karan"},"state":"ACTIVE","etag":"1_37e4ebb9-5aea-49b7-a003-375c3667f46f"}
[info] 
[info] Your public directory is the folder (relative to your project directory) that
[info] will contain Hosting assets to be uploaded with firebase deploy. If you
[info] have a build process for your assets, use your build's output directory.
[info] 
